data: 40134 RTH 5m bars, 524 days

######## E1 — ORB + compression filter ########
OR 10min: trades  250  total $     -204/ct  PF 0.99
OR 15min: trades  183  total $    2,286/ct  PF 1.12
OR 20min: trades  129  total $    1,146/ct  PF 1.09

== E1 main — ORB-15 + compression (registered) ==
trades 183  WR 43.2%  PF 1.12  avg $12.49/ct  W $271 L $184
total $2,286/ct  maxDD $-3,355/ct  half1 $3,226  half2 $-940

== Eval barrier MC (empirical dist, buffer-aware 1-6ct) ==
P(pass) 49.1%  P(blow) 50.9%  median trades-to-pass 51  evals/funded 2.04  fees@$35 $71

== VERDICT E1 vs gates (PF>1.3 & n>=100 & both halves>0 & plateau all>0 & MC P(blow)<10%) ==
  [FAIL] PF>1.3
  [PASS] n>=100
  [PASS] half1>0
  [FAIL] half2>0
  [FAIL] plateau all>0
  [FAIL] MC P(blow)<10%
E1 VERDICT: FAIL (n=183 trades)

######## E2 — VWAP reversion + info-day filter ########
z 1.75: trades  846  total $   -7,650/ct  PF 0.84
z 2.00: trades  818  total $   -8,656/ct  PF 0.79
z 2.25: trades  779  total $   -8,429/ct  PF 0.77

== E2 main — VWAP reversion z2.0 (registered) ==
trades 818  WR 38.4%  PF 0.79  avg $-10.58/ct  W $107 L $84
total $-8,656/ct  maxDD $-9,852/ct  half1 $-2,209  half2 $-6,446

== Eval barrier MC (empirical dist, buffer-aware 1-6ct) ==
P(pass) 12.5%  P(blow) 87.5%  median trades-to-pass 23  evals/funded 8.01  fees@$35 $280

== VERDICT E2 vs gates (PF>1.3 & n>=100 & both halves>0 & plateau all>0 & MC P(blow)<10%) ==
  [FAIL] PF>1.3
  [PASS] n>=100
  [FAIL] half1>0
  [FAIL] half2>0
  [FAIL] plateau all>0
  [FAIL] MC P(blow)<10%
E2 VERDICT: FAIL (n=818 trades)

SESSION: E1 FAIL  E2 FAIL
