Fitting GARCH (expanding, monthly refits)...

== E4-v3 (GARCH) == trades 167  PF 2.42  final 4.56x  maxDD -26.0%  Sharpe 1.22
== E4-v2 (ref)  == final 7.98x  maxDD -26.0%  Sharpe 1.38
  [PASS] n>=100
  [PASS] PF>1.3
  [PASS] half1>0
  [PASS] half2>0
  [PASS] P(maxDD>40%)<10%
  [PASS] Sharpe>=buy-hold
  [FAIL] BAR Sharpe>=E4v2
  [FAIL] BAR maxDD<=E4v2
E4-v3 VERDICT: FAIL — E4-v2 stands

E6 universe: 4320 days, cols ['BTC', 'ETH', 'SOL']
lbs (7, 14, 28): episodes 495  sum(ret) +1.64  final 4.59x  Sharpe 0.98
lbs (14, 28, 56): episodes 327  sum(ret) +1.68  final 4.72x  Sharpe 0.97
lbs (28, 56, 112): episodes 226  sum(ret) +1.92  final 6.00x  Sharpe 1.10

== E6 main == episodes 327  WR 28.7%  PF 1.94  final 4.72x  maxDD -31.2%  Sharpe 0.97 vs BTC-bh 0.96
  [PASS] n>=100
  [PASS] PF>1.3
  [PASS] half1>0
  [PASS] half2>0
  [PASS] plateau all>0
  [PASS] P(maxDD>40%)<10%
  [PASS] Sharpe>=BTC-bh
E6 VERDICT: PASS (n=327)
