/home/tburger/noise_bot/rebalance.py:23: UserWarning: Converting to PeriodArray/Index representation will drop timezone information.
  px["ym"] = px.index.to_period("M")
/home/tburger/noise_bot/rebalance.py:23: UserWarning: Converting to PeriodArray/Index representation will drop timezone information.
  px["ym"] = px.index.to_period("M")
/home/tburger/noise_bot/rebalance.py:23: UserWarning: Converting to PeriodArray/Index representation will drop timezone information.
  px["ym"] = px.index.to_period("M")
E5 data: 4994 days  2010-06-07 -> 2026-07-14
window 3: trades  578  total $    2,669/ct  PF 1.10
window 4: trades  771  total $    2,200/ct  PF 1.06
window 5: trades  964  total $      535/ct  PF 1.01

== E5 main (window 4) == trades 771  WR 47.9%  PF 1.06  total $2,200/ct  half1 $258 half2 $1,942  P(maxDD>$2.5k) 86.8%
  [PASS] n>=100
  [FAIL] PF>1.3
  [PASS] half1>0
  [PASS] half2>0
  [PASS] plateau all>0
  [FAIL] P(maxDD>$2.5k)<10%
E5 VERDICT: FAIL (n=771)

E4v2 lb 21: trades 190  sum(ret) +1.97  final 5.48x
E4v2 lb 28: trades 167  sum(ret) +2.43  final 7.98x
E4v2 lb 35: trades 137  sum(ret) +2.42  final 7.64x

== E4-v2 main (lb 28) == trades 167  WR 32.9%  PF 2.84  final 7.98x  maxDD -26.0%
half1 +2.17 half2 +0.26  Sharpe 1.38 vs bh 0.96  P(maxDD>40%) 0.1%
  [PASS] n>=100
  [PASS] PF>1.3
  [PASS] half1>0
  [PASS] half2>0
  [PASS] plateau all>0
  [PASS] P(maxDD>40%)<10%
  [PASS] Sharpe>=buy-hold
E4-v2 VERDICT: PASS (n=167)
