!! This driver RUNS the registered one-shot evaluation. Proceed only on explicit go.

Loading commodity panels ...

============================================================
E9 commodity basis-momentum VERDICT: FAIL
============================================================
  final_equity=0.874  maxDD=-0.5198  Sharpe=0.026  PF=1.081  n=294
  [PASS] n>=100               294
  [FAIL] PF>1.3               1.081
  [FAIL] both_halves>0        (np.float64(-0.2536), np.float64(0.3272))
  [FAIL] plateau_all>0        {6: np.float64(2.4044), 12: np.float64(-0.1256), 18: np.float64(-0.3506)}
  [FAIL] P(maxDD>40%)<10%     0.8449
  [FAIL] Sharpe>=benchmark    (0.026, 0.312)
  plateau totals: {6: np.float64(2.404447826023629), 12: np.float64(-0.12563855180970673), 18: np.float64(-0.3505588301942686)}

============================================================
E11 commodity hedger-positioning VERDICT: FAIL
============================================================
  final_equity=1.158  maxDD=-0.5627  Sharpe=0.124  PF=1.097  n=146
  [PASS] n>=100               146
  [FAIL] PF>1.3               1.097
  [FAIL] both_halves>0        (np.float64(-0.0177), np.float64(0.381))
  [FAIL] plateau_all>0        {4: np.float64(-0.2103), 13: np.float64(0.1584), 26: np.float64(0.3731)}
  [FAIL] P(maxDD>40%)<10%     0.7657
  [FAIL] Sharpe>=benchmark    (0.124, 0.312)
  [PASS] corr(E9)<=0.5        -0.008
  plateau totals: {4: np.float64(-0.21031094759887448), 13: np.float64(0.15835321565058602), 26: np.float64(0.3730526734039379)}
